INFO:     Started server process [68264]
INFO:     Waiting for application startup.
ERROR:    Traceback (most recent call last):
  File "C:\Users\Ayobamidele Ewetuga\AppData\Local\Programs\Python\Python39\lib\site-packages\starlette\routing.py", line 732, in lifespan
    async with self.lifespan_context(app) as maybe_state:
  File "C:\Users\Ayobamidele Ewetuga\AppData\Local\Programs\Python\Python39\lib\contextlib.py", line 181, in __aenter__
    return await self.gen.__anext__()
  File "C:\Users\Ayobamidele Ewetuga\Documents\Bami\Yoris_api\app\main.py", line 14, in lifespan
    async with engine.begin() as conn:
  File "C:\Users\Ayobamidele Ewetuga\AppData\Local\Programs\Python\Python39\lib\contextlib.py", line 181, in __aenter__
    return await self.gen.__anext__()
  File "C:\Users\Ayobamidele Ewetuga\AppData\Local\Programs\Python\Python39\lib\site-packages\sqlalchemy\ext\asyncio\engine.py", line 1063, in begin
    async with conn:
  File "C:\Users\Ayobamidele Ewetuga\AppData\Local\Programs\Python\Python39\lib\site-packages\sqlalchemy\ext\asyncio\base.py", line 121, in __aenter__
    return await self.start(is_ctxmanager=True)
  File "C:\Users\Ayobamidele Ewetuga\AppData\Local\Programs\Python\Python39\lib\site-packages\sqlalchemy\ext\asyncio\engine.py", line 273, in start
    await greenlet_spawn(self.sync_engine.connect)
  File "C:\Users\Ayobamidele Ewetuga\AppData\Local\Programs\Python\Python39\lib\site-packages\sqlalchemy\util\_concurrency_py3k.py", line 201, in greenlet_spawn
    result = context.throw(*sys.exc_info())
  File "C:\Users\Ayobamidele Ewetuga\AppData\Local\Programs\Python\Python39\lib\site-packages\sqlalchemy\engine\base.py", line 3276, in connect
    return self._connection_cls(self)
  File "C:\Users\Ayobamidele Ewetuga\AppData\Local\Programs\Python\Python39\lib\site-packages\sqlalchemy\engine\base.py", line 146, in __init__
    self._dbapi_connection = engine.raw_connection()
  File "C:\Users\Ayobamidele Ewetuga\AppData\Local\Programs\Python\Python39\lib\site-packages\sqlalchemy\engine\base.py", line 3300, in raw_connection
    return self.pool.connect()
  File "C:\Users\Ayobamidele Ewetuga\AppData\Local\Programs\Python\Python39\lib\site-packages\sqlalchemy\pool\base.py", line 449, in connect
    return _ConnectionFairy._checkout(self)
  File "C:\Users\Ayobamidele Ewetuga\AppData\Local\Programs\Python\Python39\lib\site-packages\sqlalchemy\pool\base.py", line 1263, in _checkout
    fairy = _ConnectionRecord.checkout(pool)
  File "C:\Users\Ayobamidele Ewetuga\AppData\Local\Programs\Python\Python39\lib\site-packages\sqlalchemy\pool\base.py", line 712, in checkout
    rec = pool._do_get()
  File "C:\Users\Ayobamidele Ewetuga\AppData\Local\Programs\Python\Python39\lib\site-packages\sqlalchemy\pool\impl.py", line 180, in _do_get
    self._dec_overflow()
  File "C:\Users\Ayobamidele Ewetuga\AppData\Local\Programs\Python\Python39\lib\site-packages\sqlalchemy\util\langhelpers.py", line 146, in __exit__
    raise exc_value.with_traceback(exc_tb)
  File "C:\Users\Ayobamidele Ewetuga\AppData\Local\Programs\Python\Python39\lib\site-packages\sqlalchemy\pool\impl.py", line 177, in _do_get
    return self._create_connection()
  File "C:\Users\Ayobamidele Ewetuga\AppData\Local\Programs\Python\Python39\lib\site-packages\sqlalchemy\pool\base.py", line 390, in _create_connection
    return _ConnectionRecord(self)
  File "C:\Users\Ayobamidele Ewetuga\AppData\Local\Programs\Python\Python39\lib\site-packages\sqlalchemy\pool\base.py", line 674, in __init__
    self.__connect()
  File "C:\Users\Ayobamidele Ewetuga\AppData\Local\Programs\Python\Python39\lib\site-packages\sqlalchemy\pool\base.py", line 901, in __connect
    pool.logger.debug("Error on connect(): %s", e)
  File "C:\Users\Ayobamidele Ewetuga\AppData\Local\Programs\Python\Python39\lib\site-packages\sqlalchemy\util\langhelpers.py", line 146, in __exit__
    raise exc_value.with_traceback(exc_tb)
  File "C:\Users\Ayobamidele Ewetuga\AppData\Local\Programs\Python\Python39\lib\site-packages\sqlalchemy\pool\base.py", line 896, in __connect
    self.dbapi_connection = connection = pool._invoke_creator(self)
  File "C:\Users\Ayobamidele Ewetuga\AppData\Local\Programs\Python\Python39\lib\site-packages\sqlalchemy\engine\create.py", line 643, in connect
    return dialect.connect(*cargs, **cparams)
  File "C:\Users\Ayobamidele Ewetuga\AppData\Local\Programs\Python\Python39\lib\site-packages\sqlalchemy\engine\default.py", line 620, in connect
    return self.loaded_dbapi.connect(*cargs, **cparams)
  File "C:\Users\Ayobamidele Ewetuga\AppData\Local\Programs\Python\Python39\lib\site-packages\sqlalchemy\dialects\postgresql\asyncpg.py", line 932, in connect
    await_only(creator_fn(*arg, **kw)),
  File "C:\Users\Ayobamidele Ewetuga\AppData\Local\Programs\Python\Python39\lib\site-packages\sqlalchemy\util\_concurrency_py3k.py", line 132, in await_only
    return current.parent.switch(awaitable)  # type: ignore[no-any-return,attr-defined] # noqa: E501
  File "C:\Users\Ayobamidele Ewetuga\AppData\Local\Programs\Python\Python39\lib\site-packages\sqlalchemy\util\_concurrency_py3k.py", line 196, in greenlet_spawn
    value = await result
  File "C:\Users\Ayobamidele Ewetuga\AppData\Local\Programs\Python\Python39\lib\site-packages\asyncpg\connection.py", line 2421, in connect
    return await connect_utils._connect(
  File "C:\Users\Ayobamidele Ewetuga\AppData\Local\Programs\Python\Python39\lib\site-packages\asyncpg\connect_utils.py", line 1075, in _connect
    raise last_error or exceptions.TargetServerAttributeNotMatched(
  File "C:\Users\Ayobamidele Ewetuga\AppData\Local\Programs\Python\Python39\lib\site-packages\asyncpg\connect_utils.py", line 1049, in _connect
    conn = await _connect_addr(
  File "C:\Users\Ayobamidele Ewetuga\AppData\Local\Programs\Python\Python39\lib\site-packages\asyncpg\connect_utils.py", line 886, in _connect_addr
    return await __connect_addr(params, True, *args)
  File "C:\Users\Ayobamidele Ewetuga\AppData\Local\Programs\Python\Python39\lib\site-packages\asyncpg\connect_utils.py", line 931, in __connect_addr
    tr, pr = await connector
  File "C:\Users\Ayobamidele Ewetuga\AppData\Local\Programs\Python\Python39\lib\site-packages\asyncpg\connect_utils.py", line 802, in _create_ssl_connection
    tr, pr = await loop.create_connection(
  File "C:\Users\Ayobamidele Ewetuga\AppData\Local\Programs\Python\Python39\lib\asyncio\base_events.py", line 1017, in create_connection
    infos = await self._ensure_resolved(
  File "C:\Users\Ayobamidele Ewetuga\AppData\Local\Programs\Python\Python39\lib\asyncio\base_events.py", line 1396, in _ensure_resolved
    return await loop.getaddrinfo(host, port, family=family, type=type,
  File "C:\Users\Ayobamidele Ewetuga\AppData\Local\Programs\Python\Python39\lib\asyncio\base_events.py", line 856, in getaddrinfo
    return await self.run_in_executor(
  File "C:\Users\Ayobamidele Ewetuga\AppData\Local\Programs\Python\Python39\lib\concurrent\futures\thread.py", line 58, in run
    result = self.fn(*self.args, **self.kwargs)
  File "C:\Users\Ayobamidele Ewetuga\AppData\Local\Programs\Python\Python39\lib\socket.py", line 954, in getaddrinfo
    for res in _socket.getaddrinfo(host, port, family, type, proto, flags):
socket.gaierror: [Errno 11001] getaddrinfo failed

ERROR:    Application startup failed. Exiting.
